2026-02-10 23:36:16,553 - root - INFO - CPU Usage 70.4%, RAM Usage 88.2%, Disk Usage 36.1%
2026-02-10 23:36:16,561 - root - WARNING - High RAM usage detected: 88.2%
2026-02-12 10:24:21,782 - root - INFO - CPU Usage 15.2%, RAM Usage 90.2%, Disk Usage 36.2%
2026-02-12 10:24:21,783 - root - WARNING - High RAM usage detected: 90.2%
2026-02-12 21:16:23,894 - root - INFO - CPU Usage 30.7%, RAM Usage 89.0%, Disk Usage 36.4%
2026-02-12 21:16:23,895 - root - WARNING - High RAM usage detected: 89.0%
2026-02-15 21:16:22,881 - root - INFO - CPU Usage 32.0%, RAM Usage 84.1%, Disk Usage 36.8%
2026-02-15 21:16:22,882 - root - WARNING - High RAM usage detected: 84.1%
2026-02-17 21:16:28,544 - root - INFO - CPU Usage 69.4%, RAM Usage 95.1%, Disk Usage 38.8%
2026-02-17 21:16:28,544 - root - WARNING - High RAM usage detected: 95.1%
2026-02-18 21:16:28,136 - root - INFO - CPU Usage 51.3%, RAM Usage 86.4%, Disk Usage 37.8%
2026-02-18 21:16:28,137 - root - WARNING - High RAM usage detected: 86.4%
2026-02-19 21:16:26,031 - root - INFO - CPU Usage 59.0%, RAM Usage 88.4%, Disk Usage 38.0%
2026-02-19 21:16:26,032 - root - WARNING - High RAM usage detected: 88.4%
2026-02-26 21:16:25,243 - root - INFO - CPU Usage 36.8%, RAM Usage 90.9%, Disk Usage 40.2%
2026-02-26 21:16:25,293 - root - WARNING - High RAM usage detected: 90.9%
2026-03-01 21:16:23,682 - root - INFO - CPU Usage 24.5%, RAM Usage 85.2%, Disk Usage 41.3%
2026-03-01 21:16:23,683 - root - WARNING - High RAM usage detected: 85.2%
2026-03-05 21:16:25,188 - root - INFO - CPU Usage 37.7%, RAM Usage 85.8%, Disk Usage 36.2%
2026-03-05 21:16:25,190 - root - WARNING - High RAM usage detected: 85.8%
2026-03-07 03:52:22,771 - root - INFO - CPU Usage 100.0%, RAM Usage 92.6%, Disk Usage 36.3%
2026-03-07 03:52:22,791 - root - WARNING - High CPU usage detected: 100.0%
2026-03-07 03:52:22,792 - root - WARNING - High RAM usage detected: 92.6%
2026-03-09 02:53:54,859 - root - INFO - CPU Usage 75.8%, RAM Usage 91.6%, Disk Usage 35.9%
2026-03-09 02:53:54,965 - root - WARNING - High RAM usage detected: 91.6%
2026-03-10 11:33:15,120 - root - INFO - CPU Usage 61.4%, RAM Usage 90.4%, Disk Usage 35.9%
2026-03-10 11:33:15,135 - root - WARNING - High RAM usage detected: 90.4%
2026-03-11 21:16:23,584 - root - INFO - CPU Usage 26.5%, RAM Usage 75.8%, Disk Usage 36.7%
2026-03-13 21:16:23,777 - root - INFO - CPU Usage 21.2%, RAM Usage 83.3%, Disk Usage 36.7%
2026-03-13 21:16:23,778 - root - WARNING - High RAM usage detected: 83.3%
2026-03-14 21:16:23,872 - root - INFO - CPU Usage 15.0%, RAM Usage 86.1%, Disk Usage 36.9%
2026-03-14 21:16:23,873 - root - WARNING - High RAM usage detected: 86.1%
2026-03-17 21:23:42,717 - root - INFO - CPU Usage 36.1%, RAM Usage 94.8%, Disk Usage 38.7%
2026-03-17 21:23:42,731 - root - WARNING - High RAM usage detected: 94.8%
2026-03-18 21:16:27,248 - root - INFO - CPU Usage 88.6%, RAM Usage 95.1%, Disk Usage 38.6%
2026-03-18 21:16:27,250 - root - WARNING - High CPU usage detected: 88.6%
2026-03-18 21:16:27,251 - root - WARNING - High RAM usage detected: 95.1%
2026-03-24 21:16:23,193 - root - INFO - CPU Usage 19.9%, RAM Usage 84.1%, Disk Usage 37.5%
2026-03-24 21:16:23,212 - root - WARNING - High RAM usage detected: 84.1%
2026-03-25 15:03:21,337 - root - INFO - CPU Usage 16.2%, RAM Usage 96.0%, Disk Usage 37.6%
2026-03-25 15:03:21,344 - root - WARNING - High RAM usage detected: 96.0%
2026-03-25 16:14:51,234 - health_checker - INFO - CPU Usage 18.7%, RAM Usage 86.8%, Disk Usage 37.6%
2026-03-25 16:14:51,237 - health_checker - WARNING - High RAM usage detected: 86.8%
2026-03-25 16:15:10,663 - health_checker - INFO - CPU Usage 19.8%, RAM Usage 87.0%, Disk Usage 37.6%
2026-03-25 16:15:10,668 - health_checker - WARNING - High RAM usage detected: 87.0%
2026-03-25 16:15:47,151 - health_checker - INFO - CPU Usage 54.8%, RAM Usage 86.4%, Disk Usage 37.6%
2026-03-25 16:15:47,153 - health_checker - WARNING - High RAM usage detected: 86.4%
2026-03-25 16:16:05,331 - health_checker - INFO - CPU Usage 22.4%, RAM Usage 86.5%, Disk Usage 37.6%
2026-03-25 16:16:05,331 - health_checker - WARNING - High RAM usage detected: 86.5%
